<?xml version="1.0" encoding="UTF-8"?>
<testsuite name="com.study.book.springboot.HelloControllerTest" tests="2" skipped="0" failures="0" errors="0" timestamp="2020-12-15T08:49:41" hostname="SOOJIui-MacBookPro.local" time="0.037">
  <properties/>
  <testcase name="hello가_리턴된다" classname="com.study.book.springboot.HelloControllerTest" time="0.011"/>
  <testcase name="helloDto가_리턴된다" classname="com.study.book.springboot.HelloControllerTest" time="0.026"/>
  <system-out><![CDATA[2020-12-15 17:49:40.803  INFO 1884 --- [    Test worker] .b.t.a.w.s.WebMvcTestContextBootstrapper : Neither @ContextConfiguration nor @ContextHierarchy found for test class [com.study.book.springboot.HelloControllerTest], using SpringBootContextLoader
2020-12-15 17:49:40.803  INFO 1884 --- [    Test worker] o.s.t.c.support.AbstractContextLoader    : Could not detect default resource locations for test class [com.study.book.springboot.HelloControllerTest]: no resource found for suffixes {-context.xml, Context.groovy}.
2020-12-15 17:49:40.803  INFO 1884 --- [    Test worker] t.c.s.AnnotationConfigContextLoaderUtils : Could not detect default configuration classes for test class [com.study.book.springboot.HelloControllerTest]: HelloControllerTest does not declare any static, non-private, non-final, nested classes annotated with @Configuration.
2020-12-15 17:49:40.819  INFO 1884 --- [    Test worker] .b.t.c.SpringBootTestContextBootstrapper : Found @SpringBootConfiguration com.study.book.springboot.Application for test class com.study.book.springboot.HelloControllerTest
2020-12-15 17:49:40.820  INFO 1884 --- [    Test worker] .b.t.a.w.s.WebMvcTestContextBootstrapper : Loaded default TestExecutionListener class names from location [META-INF/spring.factories]: [org.springframework.security.test.context.support.WithSecurityContextTestExecutionListener, org.springframework.security.test.context.support.ReactorContextTestExecutionListener, org.springframework.boot.test.autoconfigure.restdocs.RestDocsTestExecutionListener, org.springframework.boot.test.autoconfigure.web.client.MockRestServiceServerResetTestExecutionListener, org.springframework.boot.test.autoconfigure.web.servlet.MockMvcPrintOnlyOnFailureTestExecutionListener, org.springframework.boot.test.autoconfigure.web.servlet.WebDriverTestExecutionListener, org.springframework.boot.test.mock.mockito.MockitoTestExecutionListener, org.springframework.boot.test.mock.mockito.ResetMocksTestExecutionListener, org.springframework.test.context.web.ServletTestExecutionListener, org.springframework.test.context.support.DirtiesContextBeforeModesTestExecutionListener, org.springframework.test.context.support.DependencyInjectionTestExecutionListener, org.springframework.test.context.support.DirtiesContextTestExecutionListener, org.springframework.test.context.transaction.TransactionalTestExecutionListener, org.springframework.test.context.jdbc.SqlScriptsTestExecutionListener]
2020-12-15 17:49:40.820  INFO 1884 --- [    Test worker] .b.t.a.w.s.WebMvcTestContextBootstrapper : Using TestExecutionListeners: [org.springframework.test.context.web.ServletTestExecutionListener@2d60a629, org.springframework.test.context.support.DirtiesContextBeforeModesTestExecutionListener@12564af3, org.springframework.boot.test.mock.mockito.MockitoTestExecutionListener@1e7f3308, org.springframework.boot.test.autoconfigure.SpringBootDependencyInjectionTestExecutionListener@5cf6602b, org.springframework.test.context.support.DirtiesContextTestExecutionListener@748fd472, org.springframework.test.context.transaction.TransactionalTestExecutionListener@542e09c2, org.springframework.test.context.jdbc.SqlScriptsTestExecutionListener@332e873c, org.springframework.security.test.context.support.WithSecurityContextTestExecutionListener@5c364e4a, org.springframework.security.test.context.support.ReactorContextTestExecutionListener@56103dfa, org.springframework.boot.test.autoconfigure.restdocs.RestDocsTestExecutionListener@72d45ee3, org.springframework.boot.test.autoconfigure.web.client.MockRestServiceServerResetTestExecutionListener@358420e2, org.springframework.boot.test.autoconfigure.web.servlet.MockMvcPrintOnlyOnFailureTestExecutionListener@5bae7c06, org.springframework.boot.test.autoconfigure.web.servlet.WebDriverTestExecutionListener@c066564, org.springframework.boot.test.mock.mockito.ResetMocksTestExecutionListener@5cf50141]

  .   ____          _            __ _ _
 /\\ / ___'_ __ _ _(_)_ __  __ _ \ \ \ \
( ( )\___ | '_ | '_| | '_ \/ _` | \ \ \ \
 \\/  ___)| |_)| | | | | || (_| |  ) ) ) )
  '  |____| .__|_| |_|_| |_\__, | / / / /
 =========|_|==============|___/=/_/_/_/
 :: Spring Boot ::        (v2.1.9.RELEASE)

2020-12-15 17:49:40.835  INFO 1884 --- [    Test worker] c.s.book.springboot.HelloControllerTest  : Starting HelloControllerTest on SOOJIui-MacBookPro.local with PID 1884 (started by sjlee in /Users/sjlee/IdeaProjects/SpringBootProject)
2020-12-15 17:49:40.836  INFO 1884 --- [    Test worker] c.s.book.springboot.HelloControllerTest  : No active profile set, falling back to default profiles: default
2020-12-15 17:49:41.053  INFO 1884 --- [    Test worker] o.s.s.concurrent.ThreadPoolTaskExecutor  : Initializing ExecutorService 'applicationTaskExecutor'
2020-12-15 17:49:41.071  INFO 1884 --- [    Test worker] o.s.b.a.w.s.WelcomePageHandlerMapping    : Adding welcome page template: index
2020-12-15 17:49:41.186  INFO 1884 --- [    Test worker] .s.s.UserDetailsServiceAutoConfiguration : 

Using generated security password: 593cf9d8-16bb-4c15-9901-7d0cd089e063

2020-12-15 17:49:41.266  INFO 1884 --- [    Test worker] o.s.s.web.DefaultSecurityFilterChain     : Creating filter chain: any request, [org.springframework.security.web.context.request.async.WebAsyncManagerIntegrationFilter@2b60c787, org.springframework.security.web.context.SecurityContextPersistenceFilter@1ee37ff0, org.springframework.security.web.header.HeaderWriterFilter@b36cff8, org.springframework.security.web.csrf.CsrfFilter@31635d6d, org.springframework.security.web.authentication.logout.LogoutFilter@55fd972, org.springframework.security.web.authentication.UsernamePasswordAuthenticationFilter@71e7d15d, org.springframework.security.web.authentication.ui.DefaultLoginPageGeneratingFilter@1fb37a26, org.springframework.security.web.authentication.ui.DefaultLogoutPageGeneratingFilter@637ff740, org.springframework.security.web.authentication.www.BasicAuthenticationFilter@3253e558, org.springframework.security.web.savedrequest.RequestCacheAwareFilter@29c763ea, org.springframework.security.web.servletapi.SecurityContextHolderAwareRequestFilter@14333025, org.springframework.security.web.authentication.AnonymousAuthenticationFilter@4e2ba752, org.springframework.security.web.session.SessionManagementFilter@209573c6, org.springframework.security.web.access.ExceptionTranslationFilter@1975ccda, org.springframework.security.web.access.intercept.FilterSecurityInterceptor@3f9d3b42]
2020-12-15 17:49:41.274  INFO 1884 --- [    Test worker] o.s.b.t.m.w.SpringBootMockServletContext : Initializing Spring TestDispatcherServlet ''
2020-12-15 17:49:41.274  INFO 1884 --- [    Test worker] o.s.t.web.servlet.TestDispatcherServlet  : Initializing Servlet ''
2020-12-15 17:49:41.281  INFO 1884 --- [    Test worker] o.s.t.web.servlet.TestDispatcherServlet  : Completed initialization in 7 ms
2020-12-15 17:49:41.298  INFO 1884 --- [    Test worker] c.s.book.springboot.HelloControllerTest  : Started HelloControllerTest in 0.476 seconds (JVM running for 7.793)
]]></system-out>
  <system-err><![CDATA[]]></system-err>
</testsuite>
