<?xml version="1.0" encoding="UTF-8"?>
<testsuite name="com.study.book.springboot.HelloControllerTest" tests="2" skipped="0" failures="0" errors="0" timestamp="2020-12-14T09:02:21" hostname="SOOJIui-MacBookPro.local" time="0.211">
  <properties/>
  <testcase name="hello가_리턴된다" classname="com.study.book.springboot.HelloControllerTest" time="0.147"/>
  <testcase name="helloDto가_리턴된다" classname="com.study.book.springboot.HelloControllerTest" time="0.063"/>
  <system-out><![CDATA[18:02:19.357 [Test worker] DEBUG org.springframework.test.context.junit4.SpringJUnit4ClassRunner - SpringJUnit4ClassRunner constructor called with [class com.study.book.springboot.HelloControllerTest]
18:02:19.363 [Test worker] DEBUG org.springframework.test.context.BootstrapUtils - Instantiating CacheAwareContextLoaderDelegate from class [org.springframework.test.context.cache.DefaultCacheAwareContextLoaderDelegate]
18:02:19.368 [Test worker] DEBUG org.springframework.test.context.BootstrapUtils - Instantiating BootstrapContext using constructor [public org.springframework.test.context.support.DefaultBootstrapContext(java.lang.Class,org.springframework.test.context.CacheAwareContextLoaderDelegate)]
18:02:19.383 [Test worker] DEBUG org.springframework.test.context.BootstrapUtils - Instantiating TestContextBootstrapper for test class [com.study.book.springboot.HelloControllerTest] from class [org.springframework.boot.test.autoconfigure.web.servlet.WebMvcTestContextBootstrapper]
18:02:19.395 [Test worker] INFO org.springframework.boot.test.autoconfigure.web.servlet.WebMvcTestContextBootstrapper - Neither @ContextConfiguration nor @ContextHierarchy found for test class [com.study.book.springboot.HelloControllerTest], using SpringBootContextLoader
18:02:19.397 [Test worker] DEBUG org.springframework.test.context.support.AbstractContextLoader - Did not detect default resource location for test class [com.study.book.springboot.HelloControllerTest]: class path resource [com/study/book/springboot/HelloControllerTest-context.xml] does not exist
18:02:19.398 [Test worker] DEBUG org.springframework.test.context.support.AbstractContextLoader - Did not detect default resource location for test class [com.study.book.springboot.HelloControllerTest]: class path resource [com/study/book/springboot/HelloControllerTestContext.groovy] does not exist
18:02:19.398 [Test worker] INFO org.springframework.test.context.support.AbstractContextLoader - Could not detect default resource locations for test class [com.study.book.springboot.HelloControllerTest]: no resource found for suffixes {-context.xml, Context.groovy}.
18:02:19.398 [Test worker] INFO org.springframework.test.context.support.AnnotationConfigContextLoaderUtils - Could not detect default configuration classes for test class [com.study.book.springboot.HelloControllerTest]: HelloControllerTest does not declare any static, non-private, non-final, nested classes annotated with @Configuration.
18:02:19.451 [Test worker] DEBUG org.springframework.test.context.support.ActiveProfilesUtils - Could not find an 'annotation declaring class' for annotation type [org.springframework.test.context.ActiveProfiles] and class [com.study.book.springboot.HelloControllerTest]
18:02:19.501 [Test worker] DEBUG org.springframework.context.annotation.ClassPathScanningCandidateComponentProvider - Identified candidate component class: file [/Users/sjlee/IdeaProjects/SpringBootProject/build/classes/java/main/com/study/book/springboot/Application.class]
18:02:19.502 [Test worker] INFO org.springframework.boot.test.context.SpringBootTestContextBootstrapper - Found @SpringBootConfiguration com.study.book.springboot.Application for test class com.study.book.springboot.HelloControllerTest
18:02:19.503 [Test worker] DEBUG org.springframework.boot.test.autoconfigure.web.servlet.WebMvcTestContextBootstrapper - @TestExecutionListeners is not present for class [com.study.book.springboot.HelloControllerTest]: using defaults.
18:02:19.504 [Test worker] INFO org.springframework.boot.test.autoconfigure.web.servlet.WebMvcTestContextBootstrapper - Loaded default TestExecutionListener class names from location [META-INF/spring.factories]: [org.springframework.security.test.context.support.WithSecurityContextTestExecutionListener, org.springframework.security.test.context.support.ReactorContextTestExecutionListener, org.springframework.boot.test.autoconfigure.restdocs.RestDocsTestExecutionListener, org.springframework.boot.test.autoconfigure.web.client.MockRestServiceServerResetTestExecutionListener, org.springframework.boot.test.autoconfigure.web.servlet.MockMvcPrintOnlyOnFailureTestExecutionListener, org.springframework.boot.test.autoconfigure.web.servlet.WebDriverTestExecutionListener, org.springframework.boot.test.mock.mockito.MockitoTestExecutionListener, org.springframework.boot.test.mock.mockito.ResetMocksTestExecutionListener, org.springframework.test.context.web.ServletTestExecutionListener, org.springframework.test.context.support.DirtiesContextBeforeModesTestExecutionListener, org.springframework.test.context.support.DependencyInjectionTestExecutionListener, org.springframework.test.context.support.DirtiesContextTestExecutionListener, org.springframework.test.context.transaction.TransactionalTestExecutionListener, org.springframework.test.context.jdbc.SqlScriptsTestExecutionListener]
18:02:19.519 [Test worker] INFO org.springframework.boot.test.autoconfigure.web.servlet.WebMvcTestContextBootstrapper - Using TestExecutionListeners: [org.springframework.test.context.web.ServletTestExecutionListener@74da8607, org.springframework.test.context.support.DirtiesContextBeforeModesTestExecutionListener@7d6d2aaa, org.springframework.boot.test.mock.mockito.MockitoTestExecutionListener@60fd5e58, org.springframework.boot.test.autoconfigure.SpringBootDependencyInjectionTestExecutionListener@7bc43b12, org.springframework.test.context.support.DirtiesContextTestExecutionListener@5b0e70d3, org.springframework.test.context.transaction.TransactionalTestExecutionListener@4fa22962, org.springframework.test.context.jdbc.SqlScriptsTestExecutionListener@4527b150, org.springframework.security.test.context.support.WithSecurityContextTestExecutionListener@1fe11e4d, org.springframework.security.test.context.support.ReactorContextTestExecutionListener@37c17d8a, org.springframework.boot.test.autoconfigure.restdocs.RestDocsTestExecutionListener@6976bb29, org.springframework.boot.test.autoconfigure.web.client.MockRestServiceServerResetTestExecutionListener@11233a66, org.springframework.boot.test.autoconfigure.web.servlet.MockMvcPrintOnlyOnFailureTestExecutionListener@6275d79, org.springframework.boot.test.autoconfigure.web.servlet.WebDriverTestExecutionListener@3ab65d1a, org.springframework.boot.test.mock.mockito.ResetMocksTestExecutionListener@66451696]
18:02:19.521 [Test worker] DEBUG org.springframework.test.annotation.ProfileValueUtils - Retrieved @ProfileValueSourceConfiguration [null] for test class [com.study.book.springboot.HelloControllerTest]
18:02:19.521 [Test worker] DEBUG org.springframework.test.annotation.ProfileValueUtils - Retrieved ProfileValueSource type [class org.springframework.test.annotation.SystemProfileValueSource] for class [com.study.book.springboot.HelloControllerTest]
18:02:19.522 [Test worker] DEBUG org.springframework.test.annotation.ProfileValueUtils - Retrieved @ProfileValueSourceConfiguration [null] for test class [com.study.book.springboot.HelloControllerTest]
18:02:19.522 [Test worker] DEBUG org.springframework.test.annotation.ProfileValueUtils - Retrieved ProfileValueSource type [class org.springframework.test.annotation.SystemProfileValueSource] for class [com.study.book.springboot.HelloControllerTest]
18:02:19.526 [Test worker] DEBUG org.springframework.test.context.support.AbstractDirtiesContextTestExecutionListener - Before test class: context [DefaultTestContext@749c373d testClass = HelloControllerTest, testInstance = [null], testMethod = [null], testException = [null], mergedContextConfiguration = [WebMergedContextConfiguration@2e4e45b0 testClass = HelloControllerTest, locations = '{}', classes = '{class com.study.book.springboot.Application}', contextInitializerClasses = '[]', activeProfiles = '{}', propertySourceLocations = '{}', propertySourceProperties = '{org.springframework.boot.test.autoconfigure.web.servlet.WebMvcTestContextBootstrapper=true}', contextCustomizers = set[org.springframework.boot.test.autoconfigure.OverrideAutoConfigurationContextCustomizerFactory$DisableAutoConfigurationContextCustomizer@66196ca4, org.springframework.boot.test.autoconfigure.filter.TypeExcludeFiltersContextCustomizer@9d6a1b27, org.springframework.boot.test.autoconfigure.properties.PropertyMappingContextCustomizer@e6f351f0, org.springframework.boot.test.autoconfigure.web.servlet.WebDriverContextCustomizerFactory$Customizer@c0e1db0, [ImportsContextCustomizer@2c7ac19f key = [org.springframework.boot.autoconfigure.cache.CacheAutoConfiguration, org.springframework.boot.autoconfigure.context.MessageSourceAutoConfiguration, org.springframework.boot.autoconfigure.data.web.SpringDataWebAutoConfiguration, org.springframework.boot.autoconfigure.freemarker.FreeMarkerAutoConfiguration, org.springframework.boot.autoconfigure.groovy.template.GroovyTemplateAutoConfiguration, org.springframework.boot.autoconfigure.gson.GsonAutoConfiguration, org.springframework.boot.autoconfigure.hateoas.HypermediaAutoConfiguration, org.springframework.boot.autoconfigure.http.HttpMessageConvertersAutoConfiguration, org.springframework.boot.autoconfigure.jackson.JacksonAutoConfiguration, org.springframework.boot.autoconfigure.jsonb.JsonbAutoConfiguration, org.springframework.boot.autoconfigure.mustache.MustacheAutoConfiguration, org.springframework.boot.autoconfigure.task.TaskExecutionAutoConfiguration, org.springframework.boot.autoconfigure.thymeleaf.ThymeleafAutoConfiguration, org.springframework.boot.autoconfigure.validation.ValidationAutoConfiguration, org.springframework.boot.autoconfigure.web.servlet.error.ErrorMvcAutoConfiguration, org.springframework.boot.autoconfigure.web.servlet.WebMvcAutoConfiguration, org.springframework.boot.test.autoconfigure.web.servlet.MockMvcAutoConfiguration, org.springframework.boot.test.autoconfigure.web.servlet.MockMvcSecurityAutoConfiguration, org.springframework.boot.test.autoconfigure.web.servlet.MockMvcWebClientAutoConfiguration, org.springframework.boot.test.autoconfigure.web.servlet.MockMvcWebDriverAutoConfiguration]], org.springframework.boot.test.context.filter.ExcludeFilterContextCustomizer@727dc3a6, org.springframework.boot.test.json.DuplicateJsonObjectContextCustomizerFactory$DuplicateJsonObjectContextCustomizer@6a71de11, org.springframework.boot.test.mock.mockito.MockitoContextCustomizer@0], resourceBasePath = 'src/main/webapp', contextLoader = 'org.springframework.boot.test.context.SpringBootContextLoader', parent = [null]], attributes = map[[empty]]], class annotated with @DirtiesContext [false] with mode [null].
18:02:19.527 [Test worker] DEBUG org.springframework.test.annotation.ProfileValueUtils - Retrieved @ProfileValueSourceConfiguration [null] for test class [com.study.book.springboot.HelloControllerTest]
18:02:19.527 [Test worker] DEBUG org.springframework.test.annotation.ProfileValueUtils - Retrieved ProfileValueSource type [class org.springframework.test.annotation.SystemProfileValueSource] for class [com.study.book.springboot.HelloControllerTest]
18:02:19.530 [Test worker] DEBUG org.springframework.test.context.support.DependencyInjectionTestExecutionListener - Performing dependency injection for test context [[DefaultTestContext@749c373d testClass = HelloControllerTest, testInstance = com.study.book.springboot.HelloControllerTest@688bc33a, testMethod = [null], testException = [null], mergedContextConfiguration = [WebMergedContextConfiguration@2e4e45b0 testClass = HelloControllerTest, locations = '{}', classes = '{class com.study.book.springboot.Application}', contextInitializerClasses = '[]', activeProfiles = '{}', propertySourceLocations = '{}', propertySourceProperties = '{org.springframework.boot.test.autoconfigure.web.servlet.WebMvcTestContextBootstrapper=true}', contextCustomizers = set[org.springframework.boot.test.autoconfigure.OverrideAutoConfigurationContextCustomizerFactory$DisableAutoConfigurationContextCustomizer@66196ca4, org.springframework.boot.test.autoconfigure.filter.TypeExcludeFiltersContextCustomizer@9d6a1b27, org.springframework.boot.test.autoconfigure.properties.PropertyMappingContextCustomizer@e6f351f0, org.springframework.boot.test.autoconfigure.web.servlet.WebDriverContextCustomizerFactory$Customizer@c0e1db0, [ImportsContextCustomizer@2c7ac19f key = [org.springframework.boot.autoconfigure.cache.CacheAutoConfiguration, org.springframework.boot.autoconfigure.context.MessageSourceAutoConfiguration, org.springframework.boot.autoconfigure.data.web.SpringDataWebAutoConfiguration, org.springframework.boot.autoconfigure.freemarker.FreeMarkerAutoConfiguration, org.springframework.boot.autoconfigure.groovy.template.GroovyTemplateAutoConfiguration, org.springframework.boot.autoconfigure.gson.GsonAutoConfiguration, org.springframework.boot.autoconfigure.hateoas.HypermediaAutoConfiguration, org.springframework.boot.autoconfigure.http.HttpMessageConvertersAutoConfiguration, org.springframework.boot.autoconfigure.jackson.JacksonAutoConfiguration, org.springframework.boot.autoconfigure.jsonb.JsonbAutoConfiguration, org.springframework.boot.autoconfigure.mustache.MustacheAutoConfiguration, org.springframework.boot.autoconfigure.task.TaskExecutionAutoConfiguration, org.springframework.boot.autoconfigure.thymeleaf.ThymeleafAutoConfiguration, org.springframework.boot.autoconfigure.validation.ValidationAutoConfiguration, org.springframework.boot.autoconfigure.web.servlet.error.ErrorMvcAutoConfiguration, org.springframework.boot.autoconfigure.web.servlet.WebMvcAutoConfiguration, org.springframework.boot.test.autoconfigure.web.servlet.MockMvcAutoConfiguration, org.springframework.boot.test.autoconfigure.web.servlet.MockMvcSecurityAutoConfiguration, org.springframework.boot.test.autoconfigure.web.servlet.MockMvcWebClientAutoConfiguration, org.springframework.boot.test.autoconfigure.web.servlet.MockMvcWebDriverAutoConfiguration]], org.springframework.boot.test.context.filter.ExcludeFilterContextCustomizer@727dc3a6, org.springframework.boot.test.json.DuplicateJsonObjectContextCustomizerFactory$DuplicateJsonObjectContextCustomizer@6a71de11, org.springframework.boot.test.mock.mockito.MockitoContextCustomizer@0], resourceBasePath = 'src/main/webapp', contextLoader = 'org.springframework.boot.test.context.SpringBootContextLoader', parent = [null]], attributes = map[[empty]]]].
18:02:19.623 [Test worker] DEBUG org.springframework.test.context.support.TestPropertySourceUtils - Adding inlined properties to environment: {spring.jmx.enabled=false, org.springframework.boot.test.autoconfigure.web.servlet.WebMvcTestContextBootstrapper=true, server.port=-1}

  .   ____          _            __ _ _
 /\\ / ___'_ __ _ _(_)_ __  __ _ \ \ \ \
( ( )\___ | '_ | '_| | '_ \/ _` | \ \ \ \
 \\/  ___)| |_)| | | | | || (_| |  ) ) ) )
  '  |____| .__|_| |_|_| |_\__, | / / / /
 =========|_|==============|___/=/_/_/_/
 :: Spring Boot ::        (v2.1.9.RELEASE)

2020-12-14 18:02:20.057  INFO 34625 --- [    Test worker] c.s.book.springboot.HelloControllerTest  : Starting HelloControllerTest on SOOJIui-MacBookPro.local with PID 34625 (started by sjlee in /Users/sjlee/IdeaProjects/SpringBootProject)
2020-12-14 18:02:20.060  INFO 34625 --- [    Test worker] c.s.book.springboot.HelloControllerTest  : No active profile set, falling back to default profiles: default
2020-12-14 18:02:21.150  INFO 34625 --- [    Test worker] o.s.s.concurrent.ThreadPoolTaskExecutor  : Initializing ExecutorService 'applicationTaskExecutor'
2020-12-14 18:02:21.217  INFO 34625 --- [    Test worker] o.s.b.a.w.s.WelcomePageHandlerMapping    : Adding welcome page template: index
2020-12-14 18:02:21.476  INFO 34625 --- [    Test worker] .s.s.UserDetailsServiceAutoConfiguration : 

Using generated security password: dbd0775b-c83f-4395-9790-eb642490a721

2020-12-14 18:02:21.653  INFO 34625 --- [    Test worker] o.s.s.web.DefaultSecurityFilterChain     : Creating filter chain: any request, [org.springframework.security.web.context.request.async.WebAsyncManagerIntegrationFilter@701dec9, org.springframework.security.web.context.SecurityContextPersistenceFilter@7b6ba41b, org.springframework.security.web.header.HeaderWriterFilter@6b7765aa, org.springframework.security.web.csrf.CsrfFilter@8c1c0d5, org.springframework.security.web.authentication.logout.LogoutFilter@58559609, org.springframework.security.web.authentication.UsernamePasswordAuthenticationFilter@5163e7da, org.springframework.security.web.authentication.ui.DefaultLoginPageGeneratingFilter@55018cec, org.springframework.security.web.authentication.ui.DefaultLogoutPageGeneratingFilter@138be5bd, org.springframework.security.web.authentication.www.BasicAuthenticationFilter@1c83a27d, org.springframework.security.web.savedrequest.RequestCacheAwareFilter@15efd162, org.springframework.security.web.servletapi.SecurityContextHolderAwareRequestFilter@298cbc5d, org.springframework.security.web.authentication.AnonymousAuthenticationFilter@49c8fd8e, org.springframework.security.web.session.SessionManagementFilter@39cd9f34, org.springframework.security.web.access.ExceptionTranslationFilter@66d6a7d5, org.springframework.security.web.access.intercept.FilterSecurityInterceptor@6453be7d]
2020-12-14 18:02:21.679  INFO 34625 --- [    Test worker] o.s.b.t.m.w.SpringBootMockServletContext : Initializing Spring TestDispatcherServlet ''
2020-12-14 18:02:21.679  INFO 34625 --- [    Test worker] o.s.t.web.servlet.TestDispatcherServlet  : Initializing Servlet ''
2020-12-14 18:02:21.687  INFO 34625 --- [    Test worker] o.s.t.web.servlet.TestDispatcherServlet  : Completed initialization in 8 ms
2020-12-14 18:02:21.716  INFO 34625 --- [    Test worker] c.s.book.springboot.HelloControllerTest  : Started HelloControllerTest in 2.087 seconds (JVM running for 2.875)
]]></system-out>
  <system-err><![CDATA[]]></system-err>
</testsuite>
