<?xml version="1.0" encoding="UTF-8"?>
<testsuite name="com.study.book.springboot.domain.posts.PostsRepositoryTest" tests="2" skipped="0" failures="0" errors="0" timestamp="2020-12-14T09:02:26" hostname="SOOJIui-MacBookPro.local" time="0.019">
  <properties/>
  <testcase name="게시글저장_불러오기" classname="com.study.book.springboot.domain.posts.PostsRepositoryTest" time="0.012"/>
  <testcase name="BaseTimeEntity_등록" classname="com.study.book.springboot.domain.posts.PostsRepositoryTest" time="0.007"/>
  <system-out><![CDATA[2020-12-14 18:02:25.763  INFO 34625 --- [    Test worker] .b.t.c.SpringBootTestContextBootstrapper : Neither @ContextConfiguration nor @ContextHierarchy found for test class [com.study.book.springboot.domain.posts.PostsRepositoryTest], using SpringBootContextLoader
2020-12-14 18:02:25.764  INFO 34625 --- [    Test worker] o.s.t.c.support.AbstractContextLoader    : Could not detect default resource locations for test class [com.study.book.springboot.domain.posts.PostsRepositoryTest]: no resource found for suffixes {-context.xml, Context.groovy}.
2020-12-14 18:02:25.764  INFO 34625 --- [    Test worker] t.c.s.AnnotationConfigContextLoaderUtils : Could not detect default configuration classes for test class [com.study.book.springboot.domain.posts.PostsRepositoryTest]: PostsRepositoryTest does not declare any static, non-private, non-final, nested classes annotated with @Configuration.
2020-12-14 18:02:25.768  INFO 34625 --- [    Test worker] .b.t.c.SpringBootTestContextBootstrapper : Found @SpringBootConfiguration com.study.book.springboot.Application for test class com.study.book.springboot.domain.posts.PostsRepositoryTest
2020-12-14 18:02:25.769  INFO 34625 --- [    Test worker] .b.t.c.SpringBootTestContextBootstrapper : Loaded default TestExecutionListener class names from location [META-INF/spring.factories]: [org.springframework.security.test.context.support.WithSecurityContextTestExecutionListener, org.springframework.security.test.context.support.ReactorContextTestExecutionListener, org.springframework.boot.test.autoconfigure.restdocs.RestDocsTestExecutionListener, org.springframework.boot.test.autoconfigure.web.client.MockRestServiceServerResetTestExecutionListener, org.springframework.boot.test.autoconfigure.web.servlet.MockMvcPrintOnlyOnFailureTestExecutionListener, org.springframework.boot.test.autoconfigure.web.servlet.WebDriverTestExecutionListener, org.springframework.boot.test.mock.mockito.MockitoTestExecutionListener, org.springframework.boot.test.mock.mockito.ResetMocksTestExecutionListener, org.springframework.test.context.web.ServletTestExecutionListener, org.springframework.test.context.support.DirtiesContextBeforeModesTestExecutionListener, org.springframework.test.context.support.DependencyInjectionTestExecutionListener, org.springframework.test.context.support.DirtiesContextTestExecutionListener, org.springframework.test.context.transaction.TransactionalTestExecutionListener, org.springframework.test.context.jdbc.SqlScriptsTestExecutionListener]
2020-12-14 18:02:25.770  INFO 34625 --- [    Test worker] .b.t.c.SpringBootTestContextBootstrapper : Using TestExecutionListeners: [org.springframework.test.context.web.ServletTestExecutionListener@22344dc7, org.springframework.test.context.support.DirtiesContextBeforeModesTestExecutionListener@38a2f12d, org.springframework.boot.test.mock.mockito.MockitoTestExecutionListener@2e010d1c, org.springframework.boot.test.autoconfigure.SpringBootDependencyInjectionTestExecutionListener@20dadb8b, org.springframework.test.context.support.DirtiesContextTestExecutionListener@2000f022, org.springframework.test.context.transaction.TransactionalTestExecutionListener@f845696, org.springframework.test.context.jdbc.SqlScriptsTestExecutionListener@294bd397, org.springframework.security.test.context.support.WithSecurityContextTestExecutionListener@5fbb43b6, org.springframework.security.test.context.support.ReactorContextTestExecutionListener@789d2983, org.springframework.boot.test.autoconfigure.restdocs.RestDocsTestExecutionListener@5580e0e0, org.springframework.boot.test.autoconfigure.web.client.MockRestServiceServerResetTestExecutionListener@22a046ac, org.springframework.boot.test.autoconfigure.web.servlet.MockMvcPrintOnlyOnFailureTestExecutionListener@278317bd, org.springframework.boot.test.autoconfigure.web.servlet.WebDriverTestExecutionListener@3643e3ff, org.springframework.boot.test.mock.mockito.ResetMocksTestExecutionListener@64169237]

  .   ____          _            __ _ _
 /\\ / ___'_ __ _ _(_)_ __  __ _ \ \ \ \
( ( )\___ | '_ | '_| | '_ \/ _` | \ \ \ \
 \\/  ___)| |_)| | | | | || (_| |  ) ) ) )
  '  |____| .__|_| |_|_| |_\__, | / / / /
 =========|_|==============|___/=/_/_/_/
 :: Spring Boot ::        (v2.1.9.RELEASE)

2020-12-14 18:02:25.783  INFO 34625 --- [    Test worker] c.s.b.s.d.posts.PostsRepositoryTest      : Starting PostsRepositoryTest on SOOJIui-MacBookPro.local with PID 34625 (started by sjlee in /Users/sjlee/IdeaProjects/SpringBootProject)
2020-12-14 18:02:25.783  INFO 34625 --- [    Test worker] c.s.b.s.d.posts.PostsRepositoryTest      : No active profile set, falling back to default profiles: default
2020-12-14 18:02:25.896  INFO 34625 --- [    Test worker] .s.d.r.c.RepositoryConfigurationDelegate : Bootstrapping Spring Data repositories in DEFAULT mode.
2020-12-14 18:02:25.907  INFO 34625 --- [    Test worker] .s.d.r.c.RepositoryConfigurationDelegate : Finished Spring Data repository scanning in 10ms. Found 2 repository interfaces.
2020-12-14 18:02:25.972  INFO 34625 --- [    Test worker] trationDelegate$BeanPostProcessorChecker : Bean 'org.springframework.transaction.annotation.ProxyTransactionManagementConfiguration' of type [org.springframework.transaction.annotation.ProxyTransactionManagementConfiguration$$EnhancerBySpringCGLIB$$f1b54c36] is not eligible for getting processed by all BeanPostProcessors (for example: not eligible for auto-proxying)
2020-12-14 18:02:26.020  INFO 34625 --- [    Test worker] com.zaxxer.hikari.HikariDataSource       : HikariPool-2 - Starting...
2020-12-14 18:02:26.020  INFO 34625 --- [    Test worker] com.zaxxer.hikari.HikariDataSource       : HikariPool-2 - Start completed.
2020-12-14 18:02:26.033  INFO 34625 --- [    Test worker] o.hibernate.jpa.internal.util.LogHelper  : HHH000204: Processing PersistenceUnitInfo [
	name: default
	...]
2020-12-14 18:02:26.037  INFO 34625 --- [    Test worker] org.hibernate.dialect.Dialect            : HHH000400: Using dialect: org.hibernate.dialect.MySQL5InnoDBDialect
Hibernate: drop table if exists posts
Hibernate: drop table if exists user
Hibernate: create table posts (id bigint not null auto_increment, created_date datetime, modified_date datetime, author varchar(255), content TEXT not null, title varchar(500) not null, primary key (id)) engine=InnoDB
Hibernate: create table user (id bigint not null auto_increment, created_date datetime, modified_date datetime, email varchar(255) not null, name varchar(255) not null, picture varchar(255), role varchar(255) not null, primary key (id)) engine=InnoDB
2020-12-14 18:02:26.066  INFO 34625 --- [    Test worker] o.h.t.schema.internal.SchemaCreatorImpl  : HHH000476: Executing import script 'org.hibernate.tool.schema.internal.exec.ScriptSourceInputNonExistentImpl@5ab9eec2'
2020-12-14 18:02:26.066  INFO 34625 --- [    Test worker] j.LocalContainerEntityManagerFactoryBean : Initialized JPA EntityManagerFactory for persistence unit 'default'
2020-12-14 18:02:26.177  INFO 34625 --- [    Test worker] o.h.h.i.QueryTranslatorFactoryInitiator  : HHH000397: Using ASTQueryTranslatorFactory
2020-12-14 18:02:26.270  INFO 34625 --- [    Test worker] o.s.s.web.DefaultSecurityFilterChain     : Creating filter chain: any request, [org.springframework.security.web.context.request.async.WebAsyncManagerIntegrationFilter@3a5d8d3b, org.springframework.security.web.context.SecurityContextPersistenceFilter@523ad7ad, org.springframework.security.web.header.HeaderWriterFilter@135f6dea, org.springframework.security.web.authentication.logout.LogoutFilter@6f6e3ee3, org.springframework.security.oauth2.client.web.OAuth2AuthorizationRequestRedirectFilter@347b8957, org.springframework.security.oauth2.client.web.OAuth2LoginAuthenticationFilter@7cbbd6c, org.springframework.security.web.authentication.ui.DefaultLoginPageGeneratingFilter@6b6d0b9c, org.springframework.security.web.authentication.ui.DefaultLogoutPageGeneratingFilter@25c0702d, org.springframework.security.web.savedrequest.RequestCacheAwareFilter@59c58fc7, org.springframework.security.web.servletapi.SecurityContextHolderAwareRequestFilter@311d9928, org.springframework.security.web.authentication.AnonymousAuthenticationFilter@4d1964f3, org.springframework.security.web.session.SessionManagementFilter@59bf629, org.springframework.security.web.access.ExceptionTranslationFilter@28847e0b, org.springframework.security.web.access.intercept.FilterSecurityInterceptor@183c035]
2020-12-14 18:02:26.449  INFO 34625 --- [    Test worker] o.s.s.concurrent.ThreadPoolTaskExecutor  : Initializing ExecutorService 'applicationTaskExecutor'
2020-12-14 18:02:26.458  WARN 34625 --- [    Test worker] aWebConfiguration$JpaWebMvcConfiguration : spring.jpa.open-in-view is enabled by default. Therefore, database queries may be performed during view rendering. Explicitly configure spring.jpa.open-in-view to disable this warning
2020-12-14 18:02:26.475  INFO 34625 --- [    Test worker] o.s.b.a.w.s.WelcomePageHandlerMapping    : Adding welcome page template: index
2020-12-14 18:02:26.672  INFO 34625 --- [    Test worker] s.a.ScheduledAnnotationBeanPostProcessor : No TaskScheduler/ScheduledExecutorService bean found for scheduled processing
2020-12-14 18:02:26.673  INFO 34625 --- [    Test worker] c.s.b.s.d.posts.PostsRepositoryTest      : Started PostsRepositoryTest in 0.902 seconds (JVM running for 7.832)
Hibernate: insert into posts (created_date, modified_date, author, content, title) values (?, ?, ?, ?, ?)
Hibernate: select posts0_.id as id1_0_, posts0_.created_date as created_2_0_, posts0_.modified_date as modified3_0_, posts0_.author as author4_0_, posts0_.content as content5_0_, posts0_.title as title6_0_ from posts posts0_
Hibernate: select posts0_.id as id1_0_, posts0_.created_date as created_2_0_, posts0_.modified_date as modified3_0_, posts0_.author as author4_0_, posts0_.content as content5_0_, posts0_.title as title6_0_ from posts posts0_
Hibernate: delete from posts where id=?
Hibernate: insert into posts (created_date, modified_date, author, content, title) values (?, ?, ?, ?, ?)
Hibernate: select posts0_.id as id1_0_, posts0_.created_date as created_2_0_, posts0_.modified_date as modified3_0_, posts0_.author as author4_0_, posts0_.content as content5_0_, posts0_.title as title6_0_ from posts posts0_
>>>>>>>> createDate = 2020-12-14T18:02:26.689, modifiedDate = 2020-12-14T18:02:26.689
Hibernate: select posts0_.id as id1_0_, posts0_.created_date as created_2_0_, posts0_.modified_date as modified3_0_, posts0_.author as author4_0_, posts0_.content as content5_0_, posts0_.title as title6_0_ from posts posts0_
Hibernate: delete from posts where id=?
]]></system-out>
  <system-err><![CDATA[]]></system-err>
</testsuite>
